# JRE version: OpenJDK Runtime Environment (11.0.10) (build 11.0.10+0-b96-7249189)
# Java VM: OpenJDK 64-Bit Server VM (11.0.10+0-b96-7249189, mixed mode, tiered, compressed oops, g1 gc, windows-amd64)
Heap:
 garbage-first heap   total 129024K, used 93095K [0x0000000080000000, 0x0000000100000000)
  region size 1024K, 38 young (38912K), 6 survivors (6144K)
 Metaspace       used 72318K, capacity 73953K, committed 74188K, reserved 1118208K
  class space    used 9270K, capacity 9880K, committed 9932K, reserved 1048576K
GC Heap History (20 events):
Event: 4.056 GC heap before
{Heap before GC invocations=4 (full 0):
 garbage-first heap   total 129024K, used 74028K [0x0000000080000000, 0x0000000100000000)
  region size 1024K, 57 young (58368K), 1 survivors (1024K)
 Metaspace       used 26317K, capacity 26993K, committed 27008K, reserved 1073152K
  class space    used 3453K, capacity 3704K, committed 3712K, reserved 1048576K
}
Event: 4.060 GC heap after
{Heap after GC invocations=5 (full 0):
 garbage-first heap   total 129024K, used 18428K [0x0000000080000000, 0x0000000100000000)
  region size 1024K, 3 young (3072K), 3 survivors (3072K)
 Metaspace       used 26317K, capacity 26993K, committed 27008K, reserved 1073152K
  class space    used 3453K, capacity 3704K, committed 3712K, reserved 1048576K
}
Event: 4.942 GC heap before
{Heap before GC invocations=5 (full 0):
 garbage-first heap   total 129024K, used 70652K [0x0000000080000000, 0x0000000100000000)
  region size 1024K, 55 young (56320K), 3 survivors (3072K)
 Metaspace       used 35062K, capacity 35834K, committed 35840K, reserved 1081344K
  class space    used 4542K, capacity 4864K, committed 4864K, reserved 1048576K
}
Event: 4.950 GC heap after
{Heap after GC invocations=6 (full 0):
 garbage-first heap   total 129024K, used 21645K [0x0000000080000000, 0x0000000100000000)
  region size 1024K, 6 young (6144K), 6 survivors (6144K)
 Metaspace       used 35062K, capacity 35834K, committed 35840K, reserved 1081344K
  class space    used 4542K, capacity 4864K, committed 4864K, reserved 1048576K
}
Event: 5.579 GC heap before
{Heap before GC invocations=7 (full 0):
 garbage-first heap   total 129024K, used 86157K [0x0000000080000000, 0x0000000100000000)
  region size 1024K, 67 young (68608K), 6 survivors (6144K)
 Metaspace       used 39519K, capacity 40498K, committed 40780K, reserved 1085440K
  class space    used 5056K, capacity 5390K, committed 5452K, reserved 1048576K
}
Event: 5.585 GC heap after
{Heap after GC invocations=8 (full 0):
 garbage-first heap   total 129024K, used 26901K [0x0000000080000000, 0x0000000100000000)
  region size 1024K, 9 young (9216K), 9 survivors (9216K)
 Metaspace       used 39519K, capacity 40498K, committed 40780K, reserved 1085440K
  class space    used 5056K, capacity 5390K, committed 5452K, reserved 1048576K
}
Event: 6.125 GC heap before
{Heap before GC invocations=8 (full 0):
 garbage-first heap   total 129024K, used 88341K [0x0000000080000000, 0x0000000100000000)
  region size 1024K, 69 young (70656K), 9 survivors (9216K)
 Metaspace       used 45070K, capacity 46182K, committed 46412K, reserved 1089536K
  class space    used 5794K, capacity 6193K, committed 6220K, reserved 1048576K
}
Event: 6.132 GC heap after
{Heap after GC invocations=9 (full 0):
 garbage-first heap   total 129024K, used 29025K [0x0000000080000000, 0x0000000100000000)
  region size 1024K, 3 young (3072K), 3 survivors (3072K)
 Metaspace       used 45070K, capacity 46182K, committed 46412K, reserved 1089536K
  class space    used 5794K, capacity 6193K, committed 6220K, reserved 1048576K
}
Event: 7.527 GC heap before
{Heap before GC invocations=9 (full 0):
 garbage-first heap   total 129024K, used 98657K [0x0000000080000000, 0x0000000100000000)
  region size 1024K, 64 young (65536K), 3 survivors (3072K)
 Metaspace       used 47870K, capacity 49110K, committed 49356K, reserved 1091584K
  class space    used 6117K, capacity 6550K, committed 6604K, reserved 1048576K
}
Event: 7.533 GC heap after
{Heap after GC invocations=10 (full 0):
 garbage-first heap   total 129024K, used 48012K [0x0000000080000000, 0x0000000100000000)
  region size 1024K, 8 young (8192K), 8 survivors (8192K)
 Metaspace       used 47870K, capacity 49110K, committed 49356K, reserved 1091584K
  class space    used 6117K, capacity 6550K, committed 6604K, reserved 1048576K
}
Event: 8.414 GC heap before
{Heap before GC invocations=10 (full 0):
 garbage-first heap   total 129024K, used 96140K [0x0000000080000000, 0x0000000100000000)
  region size 1024K, 55 young (56320K), 8 survivors (8192K)
 Metaspace       used 54532K, capacity 55936K, committed 56140K, reserved 1097728K
  class space    used 6922K, capacity 7461K, committed 7500K, reserved 1048576K
}
Event: 8.418 GC heap after
{Heap after GC invocations=11 (full 0):
 garbage-first heap   total 129024K, used 50473K [0x0000000080000000, 0x0000000100000000)
  region size 1024K, 2 young (2048K), 2 survivors (2048K)
 Metaspace       used 54532K, capacity 55936K, committed 56140K, reserved 1097728K
  class space    used 6922K, capacity 7461K, committed 7500K, reserved 1048576K
}
Event: 9.048 GC heap before
{Heap before GC invocations=11 (full 0):
 garbage-first heap   total 129024K, used 74025K [0x0000000080000000, 0x0000000100000000)
  region size 1024K, 26 young (26624K), 2 survivors (2048K)
 Metaspace       used 58738K, capacity 60160K, committed 60236K, reserved 1101824K
  class space    used 7415K, capacity 7949K, committed 8012K, reserved 1048576K
}
Event: 9.053 GC heap after
{Heap after GC invocations=12 (full 0):
 garbage-first heap   total 129024K, used 51499K [0x0000000080000000, 0x0000000100000000)
  region size 1024K, 3 young (3072K), 3 survivors (3072K)
 Metaspace       used 58738K, capacity 60160K, committed 60236K, reserved 1101824K
  class space    used 7415K, capacity 7949K, committed 8012K, reserved 1048576K
}
Event: 10.009 GC heap before
{Heap before GC invocations=13 (full 0):
 garbage-first heap   total 129024K, used 94507K [0x0000000080000000, 0x0000000100000000)
  region size 1024K, 45 young (46080K), 3 survivors (3072K)
 Metaspace       used 62858K, capacity 64384K, committed 64588K, reserved 1105920K
  class space    used 7911K, capacity 8432K, committed 8524K, reserved 1048576K
}
Event: 10.017 GC heap after
{Heap after GC invocations=14 (full 0):
 garbage-first heap   total 129024K, used 55157K [0x0000000080000000, 0x0000000100000000)
  region size 1024K, 6 young (6144K), 6 survivors (6144K)
 Metaspace       used 62858K, capacity 64384K, committed 64588K, reserved 1105920K
  class space    used 7911K, capacity 8432K, committed 8524K, reserved 1048576K
}
Event: 10.913 GC heap before
{Heap before GC invocations=14 (full 0):
 garbage-first heap   total 129024K, used 97141K [0x0000000080000000, 0x0000000100000000)
  region size 1024K, 47 young (48128K), 6 survivors (6144K)
 Metaspace       used 66389K, capacity 67860K, committed 68172K, reserved 1107968K
  class space    used 8362K, capacity 8919K, committed 9036K, reserved 1048576K
}
Event: 10.920 GC heap after
{Heap after GC invocations=15 (full 0):
 garbage-first heap   total 129024K, used 58039K [0x0000000080000000, 0x0000000100000000)
  region size 1024K, 3 young (3072K), 3 survivors (3072K)
 Metaspace       used 66389K, capacity 67860K, committed 68172K, reserved 1107968K
  class space    used 8362K, capacity 8919K, committed 9036K, reserved 1048576K
}
Event: 11.635 GC heap before
{Heap before GC invocations=15 (full 0):
 garbage-first heap   total 129024K, used 100023K [0x0000000080000000, 0x0000000100000000)
  region size 1024K, 44 young (45056K), 3 survivors (3072K)
 Metaspace       used 68579K, capacity 70182K, committed 70476K, reserved 1110016K
  class space    used 8638K, capacity 9181K, committed 9292K, reserved 1048576K
}
Event: 11.642 GC heap after
{Heap after GC invocations=16 (full 0):
 garbage-first heap   total 129024K, used 61351K [0x0000000080000000, 0x0000000100000000)
  region size 1024K, 6 young (6144K), 6 survivors (6144K)
 Metaspace       used 68579K, capacity 70182K, committed 70476K, reserved 1110016K
  class space    used 8638K, capacity 9181K, committed 9292K, reserved 1048576K
}

